<?xml version="1.0" encoding="UTF-8"?>
<!-- Generated by org.testng.reporters.JUnitReportReporter -->
<testsuite hostname="DESKTOP-EUI8GBJ" failures="0" tests="2" name="flexiBus.FlexiNBusBookin_Test" time="62.104" errors="0" timestamp="2022-10-25T17:32:22 IST" skipped="0">
  <testcase classname="flexiBus.FlexiNBusBookin_Test" name="bookTicketsForOneWayTrip" time="25.558"/>
  <system-out/>
  <testcase classname="flexiBus.FlexiNBusBookin_Test" name="bookTicketsForTwoWayTrip" time="36.546"/>
  <system-out/>
</testsuite> <!-- flexiBus.FlexiNBusBookin_Test -->
